2024-09-17 16:46:09,017 - INFO - Added contact: Jay  Patel
2024-09-17 16:46:35,745 - INFO - Deleted contact: Jay Patel
2024-09-17 17:03:59,600 - INFO - Added contact: Jay Patel
2024-09-17 17:10:04,019 - INFO - Added contact: Jay Patel
2024-09-17 17:21:16,963 - INFO - Added contact: Jay Patel
2024-09-17 17:21:53,617 - INFO - Updated contact: Jay Patel
2024-09-17 17:23:23,348 - INFO - Deleted contact: Jay Patel
2024-09-17 17:28:14,961 - INFO - Added contact: Neel Desai
2024-09-18 18:58:40,631 - INFO - Added contact: John Doe
2024-09-18 18:58:40,631 - INFO - Added contact: Jane Smith
2024-09-18 18:58:40,631 - INFO - Added contact: Michael Johnson
2024-09-18 18:58:40,631 - INFO - Added contact: Emily Davis
2024-09-18 18:58:40,632 - INFO - Added contact: David Brown
2024-09-18 18:58:40,632 - INFO - Added contact: Sophia Williams
2024-09-18 18:58:40,632 - INFO - Added contact: James Jones
2024-09-18 18:58:40,632 - INFO - Added contact: Olivia Miller
2024-09-18 18:58:40,632 - INFO - Added contact: Daniel Garcia
2024-09-18 18:58:40,632 - INFO - Added contact: Isabella Martinez
2024-09-18 18:58:40,632 - INFO - Batch import completed.
2024-09-18 18:59:33,227 - INFO - Sorted contacts by first_name
2024-09-18 19:02:07,149 - INFO - Added contact: John Doe
2024-09-18 19:02:07,150 - INFO - Added contact: Jane Smith
2024-09-18 19:02:07,150 - INFO - Added contact: Michael Johnson
2024-09-18 19:02:07,150 - INFO - Added contact: Emily Davis
2024-09-18 19:02:07,150 - INFO - Added contact: David Brown
2024-09-18 19:02:07,150 - INFO - Added contact: Sophia Williams
2024-09-18 19:02:07,151 - INFO - Added contact: James Jones
2024-09-18 19:02:07,151 - INFO - Added contact: Olivia Miller
2024-09-18 19:02:07,151 - INFO - Added contact: Daniel Garcia
2024-09-18 19:02:07,151 - INFO - Added contact: Isabella Martinez
2024-09-18 19:02:07,151 - INFO - Batch import completed.
2024-09-18 19:02:27,367 - INFO - Sorted contacts by first_name
2024-09-18 19:03:01,838 - INFO - Added contact: JAY Patel
2024-09-18 19:03:12,886 - WARNING - Contact not found: Jay Patel
2024-09-18 19:03:41,269 - INFO - Updated contact: JAY Patel
2024-09-18 19:03:57,412 - INFO - Deleted contact: JAY Patel
2024-09-18 19:06:01,381 - INFO - Sorted contacts by last_name
